[2026-01-15 01:31:35,436] root - INFO - Data Ingestion method starts
[2026-01-15 01:31:35,438] root - INFO - Dataset read as pandas Dataframe
[2026-01-15 01:31:35,441] root - INFO - Train test split
[2026-01-15 01:31:35,447] root - INFO - Ingestion of data is completed
[2026-01-15 01:31:35,447] root - INFO - fetch the path og the train and test data 
[2026-01-15 01:31:35,449] root - INFO - train and test data is converted to data frame
[2026-01-15 01:31:35,449] root - INFO - Data transformation initated
[2026-01-15 01:31:35,450] root - INFO - raw Data converted to data frame from artifacts
[2026-01-15 01:31:35,452] root - INFO - returning the preprocessor pipeline
[2026-01-15 01:31:35,452] root - INFO - preprocessor object collected
[2026-01-15 01:31:35,453] root - INFO - seperated input feature and target feature from train dataset
[2026-01-15 01:31:35,453] root - INFO - seperated input feature and target feature from test dataset
[2026-01-15 01:31:35,453] root - INFO - fit transform on the trining data set
[2026-01-15 01:31:35,461] root - INFO - transform on the test data set
[2026-01-15 01:31:35,463] root - INFO - concatinating training feature and target data set 
[2026-01-15 01:31:35,464] root - INFO - concatinating test feature and target data set 
[2026-01-15 01:31:35,464] root - INFO - saving the preprocessor file to
[2026-01-15 01:31:35,464] root - INFO - extracting the path to save the model..
[2026-01-15 01:31:35,464] root - INFO - creating the directory inside the artifacts
[2026-01-15 01:31:35,464] root - INFO - Exception occured while saving the model
