[2026-01-15 01:33:00,178] root - INFO - Data Ingestion method starts
[2026-01-15 01:33:00,181] root - INFO - Dataset read as pandas Dataframe
[2026-01-15 01:33:00,186] root - INFO - Train test split
[2026-01-15 01:33:00,191] root - INFO - Ingestion of data is completed
[2026-01-15 01:33:00,191] root - INFO - fetch the path og the train and test data 
[2026-01-15 01:33:00,194] root - INFO - train and test data is converted to data frame
[2026-01-15 01:33:00,194] root - INFO - Data transformation initated
[2026-01-15 01:33:00,196] root - INFO - raw Data converted to data frame from artifacts
[2026-01-15 01:33:00,197] root - INFO - returning the preprocessor pipeline
[2026-01-15 01:33:00,197] root - INFO - preprocessor object collected
[2026-01-15 01:33:00,199] root - INFO - seperated input feature and target feature from train dataset
[2026-01-15 01:33:00,200] root - INFO - seperated input feature and target feature from test dataset
[2026-01-15 01:33:00,200] root - INFO - fit transform on the trining data set
[2026-01-15 01:33:00,209] root - INFO - transform on the test data set
[2026-01-15 01:33:00,212] root - INFO - concatinating training feature and target data set 
[2026-01-15 01:33:00,212] root - INFO - concatinating test feature and target data set 
[2026-01-15 01:33:00,212] root - INFO - saving the preprocessor file to
[2026-01-15 01:33:00,212] root - INFO - extracting the path to save the model..
[2026-01-15 01:33:00,212] root - INFO - creating the directory inside the artifacts
[2026-01-15 01:33:00,212] root - INFO - Exception occured while saving the model
